2024-12-01 16:41:00.441974: I tensorflow/core/platform/cpu_feature_guard.cc:193] This TensorFlow binary is optimized with oneAPI Deep Neural Network Library (oneDNN) to use the following CPU instructions in performance-critical operations:  SSE4.1 SSE4.2 AVX AVX2 AVX512F AVX512_VNNI FMA
To enable them in other operations, rebuild TensorFlow with the appropriate compiler flags.
2024-12-01 16:41:00.529956: I tensorflow/core/util/port.cc:104] oneDNN custom operations are on. You may see slightly different numerical results due to floating-point round-off errors from different computation orders. To turn them off, set the environment variable `TF_ENABLE_ONEDNN_OPTS=0`.
Combined train data size: 198640
Validation data size: 2660
Test data size: 2661
cuda:0
Number of parameters: 594002
--------------------------------------------------
Epoch 1/50
train Loss: 20.5106 Acc: 8.8687
val Loss: 16.5205 Acc: 10.3868
--------------------------------------------------
Epoch 2/50
train Loss: 13.3186 Acc: 11.5391
val Loss: 12.6159 Acc: 11.8303
--------------------------------------------------
Epoch 3/50
train Loss: 11.4181 Acc: 12.1641
val Loss: 11.8214 Acc: 11.9854
--------------------------------------------------
Epoch 4/50
train Loss: 10.4802 Acc: 12.4732
val Loss: 10.6962 Acc: 12.5149
--------------------------------------------------
Epoch 5/50
train Loss: 9.8264 Acc: 12.6983
val Loss: 11.7491 Acc: 12.2297
--------------------------------------------------
Epoch 6/50
train Loss: 9.3085 Acc: 12.8658
val Loss: 10.3388 Acc: 12.6700
--------------------------------------------------
Epoch 7/50
train Loss: 8.8833 Acc: 13.0166
val Loss: 10.1386 Acc: 12.8494
--------------------------------------------------
Epoch 8/50
train Loss: 8.5085 Acc: 13.1356
val Loss: 7.9477 Acc: 13.3401
--------------------------------------------------
Epoch 9/50
train Loss: 18.4239 Acc: 13.1478
val Loss: 854.7596 Acc: 7.1266
--------------------------------------------------
Epoch 10/50
train Loss: 13.0795 Acc: 12.5940
val Loss: 7.3021 Acc: 13.5230
--------------------------------------------------
Epoch 11/50
train Loss: 8.0705 Acc: 13.2685
val Loss: 8.0625 Acc: 13.3294
--------------------------------------------------
Epoch 12/50
train Loss: 7.7693 Acc: 13.3521
val Loss: 7.9146 Acc: 13.2696
--------------------------------------------------
Epoch 13/50
train Loss: 7.7262 Acc: 13.3861
val Loss: 9.1427 Acc: 12.9451
--------------------------------------------------
Epoch 14/50
train Loss: 23.5964 Acc: 12.8139
val Loss: 8.2417 Acc: 13.2621
--------------------------------------------------
Epoch 15/50
train Loss: 7.6212 Acc: 13.4182
val Loss: 7.2341 Acc: 13.5454
--------------------------------------------------
Epoch 16/50
train Loss: 7.1827 Acc: 13.5487
val Loss: 8.3634 Acc: 13.0725
--------------------------------------------------
Epoch 17/50
train Loss: 7.1529 Acc: 13.5803
val Loss: 7.3791 Acc: 13.5371
--------------------------------------------------
Epoch 18/50
train Loss: 6.9258 Acc: 13.6609
val Loss: 6.7033 Acc: 13.7037
--------------------------------------------------
Epoch 19/50
train Loss: 6.7373 Acc: 13.7244
val Loss: 11.9548 Acc: 12.4848
--------------------------------------------------
Epoch 20/50
train Loss: 6.4756 Acc: 13.8032
val Loss: 5.8794 Acc: 13.9791
--------------------------------------------------
Epoch 21/50
train Loss: 6.3286 Acc: 13.8772
val Loss: 5.5830 Acc: 14.0681
--------------------------------------------------
Epoch 22/50
train Loss: 6.2297 Acc: 13.9224
val Loss: 5.6728 Acc: 14.0692
--------------------------------------------------
Epoch 23/50
train Loss: 16.6655 Acc: 13.6095
val Loss: 8.5920 Acc: 13.3720
--------------------------------------------------
Epoch 24/50
train Loss: 6.5947 Acc: 13.8654
val Loss: 4.8516 Acc: 14.3260
--------------------------------------------------
Epoch 25/50
train Loss: 5.6329 Acc: 14.1017
val Loss: 5.1393 Acc: 14.2697
--------------------------------------------------
Epoch 26/50
train Loss: 3.6489 Acc: 14.7570
val Loss: 2.9076 Acc: 15.0286
--------------------------------------------------
Epoch 27/50
train Loss: 3.3589 Acc: 14.8636
val Loss: 2.8122 Acc: 15.0545
--------------------------------------------------
Epoch 28/50
train Loss: 3.2336 Acc: 14.9043
val Loss: 2.6995 Acc: 15.0884
--------------------------------------------------
Epoch 29/50
train Loss: 3.1344 Acc: 14.9452
val Loss: 2.6293 Acc: 15.1159
--------------------------------------------------
Epoch 30/50
train Loss: 3.0654 Acc: 14.9712
val Loss: 2.5180 Acc: 15.1621
--------------------------------------------------
Epoch 31/50
train Loss: 2.9887 Acc: 14.9902
val Loss: 2.4536 Acc: 15.1709
--------------------------------------------------
Epoch 32/50
train Loss: 2.8915 Acc: 15.0200
val Loss: 2.3810 Acc: 15.2031
--------------------------------------------------
Epoch 33/50
train Loss: 2.8702 Acc: 15.0330
val Loss: 2.3240 Acc: 15.2133
--------------------------------------------------
Epoch 34/50
train Loss: 2.7955 Acc: 15.0623
val Loss: 2.2864 Acc: 15.2246
--------------------------------------------------
Epoch 35/50
train Loss: 2.7745 Acc: 15.0632
val Loss: 2.2432 Acc: 15.2508
--------------------------------------------------
Epoch 36/50
train Loss: 2.7060 Acc: 15.0875
val Loss: 2.1810 Acc: 15.2652
--------------------------------------------------
Epoch 37/50
train Loss: 2.6564 Acc: 15.0942
val Loss: 2.1286 Acc: 15.2759
--------------------------------------------------
Epoch 38/50
train Loss: 2.6487 Acc: 15.0998
val Loss: 2.1240 Acc: 15.2901
--------------------------------------------------
Epoch 39/50
train Loss: 2.5502 Acc: 15.1366
val Loss: 2.0916 Acc: 15.2961
--------------------------------------------------
Epoch 40/50
train Loss: 2.5488 Acc: 15.1389
val Loss: 2.0024 Acc: 15.3203
--------------------------------------------------
Epoch 41/50
train Loss: 2.4964 Acc: 15.1518
val Loss: 1.9129 Acc: 15.3578
--------------------------------------------------
Epoch 42/50
train Loss: 2.4737 Acc: 15.1567
val Loss: 1.9105 Acc: 15.3464
--------------------------------------------------
Epoch 43/50
train Loss: 2.4392 Acc: 15.1763
val Loss: 1.8910 Acc: 15.3657
--------------------------------------------------
Epoch 44/50
train Loss: 2.3968 Acc: 15.1940
val Loss: 1.9203 Acc: 15.3460
--------------------------------------------------
Epoch 45/50
train Loss: 2.3445 Acc: 15.2027
val Loss: 1.8300 Acc: 15.3792
--------------------------------------------------
Epoch 46/50
train Loss: 2.3453 Acc: 15.2055
val Loss: 1.8686 Acc: 15.3651
--------------------------------------------------
Epoch 47/50
train Loss: 2.2884 Acc: 15.2279
val Loss: 1.8263 Acc: 15.3791
--------------------------------------------------
Epoch 48/50
train Loss: 2.2604 Acc: 15.2326
val Loss: 1.8140 Acc: 15.3869
--------------------------------------------------
Epoch 49/50
train Loss: 2.2325 Acc: 15.2448
val Loss: 1.7546 Acc: 15.4082
--------------------------------------------------
Epoch 50/50
train Loss: 2.1899 Acc: 15.2615
val Loss: 1.7392 Acc: 15.4120
Training complete in 940m 48s
Best val Acc: 15.412002
Done!!
