Number of parameters: 4020358
cuda:0
--------------------------------------------------
Epoch 1/50
train Loss: 1.8548 Acc: 0.3202
val Loss: 2.4120 Acc: 0.2715
--------------------------------------------------
Epoch 2/50
train Loss: 1.3951 Acc: 0.4969
val Loss: 1.9556 Acc: 0.3537
--------------------------------------------------
Epoch 3/50
train Loss: 1.1564 Acc: 0.5916
val Loss: 1.1682 Acc: 0.6017
--------------------------------------------------
Epoch 4/50
train Loss: 1.0496 Acc: 0.6405
val Loss: 0.9065 Acc: 0.6823
--------------------------------------------------
Epoch 5/50
train Loss: 0.9417 Acc: 0.6716
val Loss: 0.8761 Acc: 0.6966
--------------------------------------------------
Epoch 6/50
train Loss: 0.9039 Acc: 0.6867
val Loss: 0.7953 Acc: 0.7235
--------------------------------------------------
Epoch 7/50
train Loss: 0.8446 Acc: 0.7102
val Loss: 0.8089 Acc: 0.7126
--------------------------------------------------
Epoch 8/50
train Loss: 0.8029 Acc: 0.7192
val Loss: 0.8109 Acc: 0.7123
--------------------------------------------------
Epoch 9/50
train Loss: 0.7801 Acc: 0.7305
val Loss: 0.7059 Acc: 0.7508
--------------------------------------------------
Epoch 10/50
train Loss: 0.7473 Acc: 0.7431
val Loss: 0.7326 Acc: 0.7406
--------------------------------------------------
Epoch 11/50
train Loss: 0.7174 Acc: 0.7515
val Loss: 0.6325 Acc: 0.7800
--------------------------------------------------
Epoch 12/50
train Loss: 0.7067 Acc: 0.7550
val Loss: 0.6550 Acc: 0.7745
--------------------------------------------------
Epoch 13/50
train Loss: 0.6863 Acc: 0.7612
val Loss: 0.6328 Acc: 0.7785
--------------------------------------------------
Epoch 14/50
train Loss: 0.6592 Acc: 0.7718
val Loss: 0.6040 Acc: 0.7867
--------------------------------------------------
Epoch 15/50
train Loss: 0.6532 Acc: 0.7733
val Loss: 0.6242 Acc: 0.7789
--------------------------------------------------
Epoch 16/50
train Loss: 0.6383 Acc: 0.7764
val Loss: 0.5824 Acc: 0.8003
--------------------------------------------------
Epoch 17/50
train Loss: 0.6267 Acc: 0.7816
val Loss: 0.5849 Acc: 0.7944
--------------------------------------------------
Epoch 18/50
train Loss: 0.6172 Acc: 0.7878
val Loss: 0.6151 Acc: 0.7853
--------------------------------------------------
Epoch 19/50
train Loss: 0.6055 Acc: 0.7933
val Loss: 0.6079 Acc: 0.7877
--------------------------------------------------
Epoch 20/50
train Loss: 0.6110 Acc: 0.7881
val Loss: 0.5620 Acc: 0.7983
--------------------------------------------------
Epoch 21/50
train Loss: 0.5909 Acc: 0.7940
val Loss: 0.5943 Acc: 0.7896
--------------------------------------------------
Epoch 22/50
train Loss: 0.5899 Acc: 0.7907
val Loss: 0.5363 Acc: 0.8073
--------------------------------------------------
Epoch 23/50
train Loss: 0.5766 Acc: 0.8002
val Loss: 0.4845 Acc: 0.8246
--------------------------------------------------
Epoch 24/50
train Loss: 0.5725 Acc: 0.7998
val Loss: 0.5755 Acc: 0.8030
--------------------------------------------------
Epoch 25/50
train Loss: 0.5587 Acc: 0.8056
val Loss: 0.4991 Acc: 0.8225
--------------------------------------------------
Epoch 26/50
train Loss: 0.4948 Acc: 0.8259
val Loss: 0.4249 Acc: 0.8466
--------------------------------------------------
Epoch 27/50
train Loss: 0.4806 Acc: 0.8318
val Loss: 0.4127 Acc: 0.8552
--------------------------------------------------
Epoch 28/50
train Loss: 0.4709 Acc: 0.8379
val Loss: 0.4062 Acc: 0.8536
--------------------------------------------------
Epoch 29/50
train Loss: 0.4606 Acc: 0.8409
val Loss: 0.4048 Acc: 0.8562
--------------------------------------------------
Epoch 30/50
train Loss: 0.4567 Acc: 0.8413
val Loss: 0.3986 Acc: 0.8553
--------------------------------------------------
Epoch 31/50
train Loss: 0.4530 Acc: 0.8403
val Loss: 0.3991 Acc: 0.8582
--------------------------------------------------
Epoch 32/50
train Loss: 0.4485 Acc: 0.8442
val Loss: 0.3888 Acc: 0.8602
--------------------------------------------------
Epoch 33/50
train Loss: 0.4468 Acc: 0.8391
val Loss: 0.3920 Acc: 0.8599
--------------------------------------------------
Epoch 34/50
train Loss: 0.4473 Acc: 0.8406
val Loss: 0.3839 Acc: 0.8616
--------------------------------------------------
Epoch 35/50
train Loss: 0.4410 Acc: 0.8473
val Loss: 0.3829 Acc: 0.8642
--------------------------------------------------
Epoch 36/50
train Loss: 0.4320 Acc: 0.8491
val Loss: 0.3884 Acc: 0.8605
--------------------------------------------------
Epoch 37/50
train Loss: 0.4375 Acc: 0.8440
val Loss: 0.3828 Acc: 0.8600
--------------------------------------------------
Epoch 38/50
train Loss: 0.4330 Acc: 0.8475
val Loss: 0.3740 Acc: 0.8667
--------------------------------------------------
Epoch 39/50
train Loss: 0.4318 Acc: 0.8464
val Loss: 0.3810 Acc: 0.8659
--------------------------------------------------
Epoch 40/50
train Loss: 0.4346 Acc: 0.8486
val Loss: 0.3763 Acc: 0.8665
--------------------------------------------------
Epoch 41/50
train Loss: 0.4358 Acc: 0.8453
val Loss: 0.3777 Acc: 0.8673
--------------------------------------------------
Epoch 42/50
train Loss: 0.4280 Acc: 0.8484
val Loss: 0.3700 Acc: 0.8689
--------------------------------------------------
Epoch 43/50
train Loss: 0.4265 Acc: 0.8519
val Loss: 0.3762 Acc: 0.8644
--------------------------------------------------
Epoch 44/50
train Loss: 0.4245 Acc: 0.8475
val Loss: 0.3641 Acc: 0.8681
--------------------------------------------------
Epoch 45/50
train Loss: 0.4213 Acc: 0.8496
val Loss: 0.3689 Acc: 0.8646
--------------------------------------------------
Epoch 46/50
train Loss: 0.4180 Acc: 0.8530
val Loss: 0.3644 Acc: 0.8683
--------------------------------------------------
Epoch 47/50
train Loss: 0.4259 Acc: 0.8487
val Loss: 0.3689 Acc: 0.8672
--------------------------------------------------
Epoch 48/50
train Loss: 0.4239 Acc: 0.8492
val Loss: 0.3643 Acc: 0.8676
--------------------------------------------------
Epoch 49/50
train Loss: 0.4170 Acc: 0.8523
val Loss: 0.3629 Acc: 0.8678
--------------------------------------------------
Epoch 50/50
train Loss: 0.4149 Acc: 0.8537
val Loss: 0.3612 Acc: 0.8714
Training complete in 72m 5s
Best val Acc: 0.871446
Accuracy: 0.8425
Done!!
