Number of parameters: 4020358
cuda:0
--------------------------------------------------
Epoch 1/50
train Loss: 1.7886 Acc: 0.3430
val Loss: 2.2803 Acc: 0.1491
--------------------------------------------------
Epoch 2/50
train Loss: 1.2582 Acc: 0.5542
val Loss: 2.2813 Acc: 0.1766
--------------------------------------------------
Epoch 3/50
train Loss: 1.1005 Acc: 0.6160
val Loss: 1.0157 Acc: 0.6520
--------------------------------------------------
Epoch 4/50
train Loss: 0.9913 Acc: 0.6565
val Loss: 1.1065 Acc: 0.6200
--------------------------------------------------
Epoch 5/50
train Loss: 0.9107 Acc: 0.6865
val Loss: 1.0741 Acc: 0.6355
--------------------------------------------------
Epoch 6/50
train Loss: 0.8664 Acc: 0.6985
slurmstepd: error: *** JOB 67594 ON moana-r5 CANCELLED AT 2024-11-29T03:13:10 ***
