Number of parameters: 4020358
cuda:0
--------------------------------------------------
Epoch 1/50
train Loss: 1.9291 Acc: 0.2918
val Loss: 1.7321 Acc: 0.3897
--------------------------------------------------
Epoch 2/50
train Loss: 1.4497 Acc: 0.4649
val Loss: 1.4796 Acc: 0.4637
--------------------------------------------------
Epoch 3/50
train Loss: 1.2033 Acc: 0.5696
val Loss: 7.6518 Acc: 0.1120
--------------------------------------------------
Epoch 4/50
train Loss: 1.0700 Acc: 0.6216
val Loss: 0.9672 Acc: 0.6584
--------------------------------------------------
Epoch 5/50
train Loss: 0.9800 Acc: 0.6569
val Loss: 1.0885 Acc: 0.6093
--------------------------------------------------
Epoch 6/50
train Loss: 0.9146 Acc: 0.6801
val Loss: 0.8366 Acc: 0.7105
--------------------------------------------------
Epoch 7/50
train Loss: 0.8577 Acc: 0.7010
val Loss: 0.8151 Acc: 0.7105
--------------------------------------------------
Epoch 8/50
train Loss: 0.8026 Acc: 0.7207
val Loss: 0.8787 Acc: 0.7021
--------------------------------------------------
Epoch 9/50
train Loss: 0.7779 Acc: 0.7332
val Loss: 0.7878 Acc: 0.7297
--------------------------------------------------
Epoch 10/50
train Loss: 0.7484 Acc: 0.7436
val Loss: 0.7018 Acc: 0.7547
--------------------------------------------------
Epoch 11/50
train Loss: 0.7332 Acc: 0.7449
val Loss: 0.6385 Acc: 0.7793
--------------------------------------------------
Epoch 12/50
train Loss: 0.6772 Acc: 0.7679
val Loss: 0.5934 Acc: 0.7923
--------------------------------------------------
Epoch 13/50
train Loss: 0.6850 Acc: 0.7625
val Loss: 0.7323 Acc: 0.7407
--------------------------------------------------
Epoch 14/50
train Loss: 0.6631 Acc: 0.7702
val Loss: 0.6806 Acc: 0.7615
--------------------------------------------------
Epoch 15/50
train Loss: 0.6450 Acc: 0.7770
val Loss: 0.6516 Acc: 0.7714
--------------------------------------------------
Epoch 16/50
train Loss: 0.6345 Acc: 0.7789
val Loss: 0.7135 Acc: 0.7509
--------------------------------------------------
Epoch 17/50
train Loss: 0.6259 Acc: 0.7820
val Loss: 0.7372 Acc: 0.7362
--------------------------------------------------
Epoch 18/50
train Loss: 0.6154 Acc: 0.7878
val Loss: 0.5549 Acc: 0.8089
--------------------------------------------------
Epoch 19/50
train Loss: 0.6019 Acc: 0.7923
val Loss: 0.5848 Acc: 0.7919
--------------------------------------------------
Epoch 20/50
train Loss: 0.6023 Acc: 0.7936
val Loss: 0.6066 Acc: 0.7894
--------------------------------------------------
Epoch 21/50
train Loss: 0.5912 Acc: 0.7951
val Loss: 0.5237 Acc: 0.8155
--------------------------------------------------
Epoch 22/50
train Loss: 0.5796 Acc: 0.7973
val Loss: 0.5108 Acc: 0.8218
--------------------------------------------------
Epoch 23/50
train Loss: 0.5700 Acc: 0.8009
val Loss: 0.5216 Acc: 0.8135
--------------------------------------------------
Epoch 24/50
train Loss: 0.5596 Acc: 0.8054
val Loss: 0.5133 Acc: 0.8201
--------------------------------------------------
Epoch 25/50
train Loss: 0.5562 Acc: 0.8103
val Loss: 0.5179 Acc: 0.8192
--------------------------------------------------
Epoch 26/50
train Loss: 0.4971 Acc: 0.8265
val Loss: 0.4202 Acc: 0.8498
--------------------------------------------------
Epoch 27/50
train Loss: 0.4645 Acc: 0.8350
val Loss: 0.4030 Acc: 0.8569
--------------------------------------------------
Epoch 28/50
train Loss: 0.4627 Acc: 0.8374
val Loss: 0.4037 Acc: 0.8574
--------------------------------------------------
Epoch 29/50
train Loss: 0.4537 Acc: 0.8463
val Loss: 0.3973 Acc: 0.8595
--------------------------------------------------
Epoch 30/50
train Loss: 0.4543 Acc: 0.8408
val Loss: 0.3921 Acc: 0.8611
--------------------------------------------------
Epoch 31/50
train Loss: 0.4478 Acc: 0.8421
val Loss: 0.3840 Acc: 0.8641
--------------------------------------------------
Epoch 32/50
train Loss: 0.4502 Acc: 0.8445
val Loss: 0.3843 Acc: 0.8602
--------------------------------------------------
Epoch 33/50
train Loss: 0.4417 Acc: 0.8437
val Loss: 0.3810 Acc: 0.8624
--------------------------------------------------
Epoch 34/50
train Loss: 0.4371 Acc: 0.8455
val Loss: 0.3861 Acc: 0.8661
--------------------------------------------------
Epoch 35/50
train Loss: 0.4336 Acc: 0.8482
val Loss: 0.3782 Acc: 0.8651
--------------------------------------------------
Epoch 36/50
train Loss: 0.4329 Acc: 0.8473
val Loss: 0.3729 Acc: 0.8636
--------------------------------------------------
Epoch 37/50
train Loss: 0.4391 Acc: 0.8453
val Loss: 0.3734 Acc: 0.8661
--------------------------------------------------
Epoch 38/50
train Loss: 0.4272 Acc: 0.8495
val Loss: 0.3789 Acc: 0.8644
--------------------------------------------------
Epoch 39/50
train Loss: 0.4319 Acc: 0.8486
val Loss: 0.3710 Acc: 0.8656
--------------------------------------------------
Epoch 40/50
train Loss: 0.4275 Acc: 0.8486
val Loss: 0.3779 Acc: 0.8636
--------------------------------------------------
Epoch 41/50
train Loss: 0.4245 Acc: 0.8494
val Loss: 0.3638 Acc: 0.8707
--------------------------------------------------
Epoch 42/50
train Loss: 0.4224 Acc: 0.8510
val Loss: 0.3619 Acc: 0.8701
--------------------------------------------------
Epoch 43/50
train Loss: 0.4212 Acc: 0.8466
val Loss: 0.3625 Acc: 0.8689
--------------------------------------------------
Epoch 44/50
train Loss: 0.4164 Acc: 0.8485
val Loss: 0.3628 Acc: 0.8688
--------------------------------------------------
Epoch 45/50
train Loss: 0.4132 Acc: 0.8521
val Loss: 0.3642 Acc: 0.8693
--------------------------------------------------
Epoch 46/50
train Loss: 0.4192 Acc: 0.8503
val Loss: 0.3587 Acc: 0.8703
--------------------------------------------------
Epoch 47/50
train Loss: 0.4132 Acc: 0.8522
val Loss: 0.3553 Acc: 0.8724
--------------------------------------------------
Epoch 48/50
train Loss: 0.4216 Acc: 0.8505
val Loss: 0.3534 Acc: 0.8727
--------------------------------------------------
Epoch 49/50
train Loss: 0.4151 Acc: 0.8523
val Loss: 0.3547 Acc: 0.8731
--------------------------------------------------
Epoch 50/50
train Loss: 0.4101 Acc: 0.8540
val Loss: 0.3513 Acc: 0.8731
Training complete in 75m 17s
Best val Acc: 0.873137
Accuracy: 0.1684
Done!!
