Number of parameters: 4020358
cuda:0
--------------------------------------------------
Epoch 1/50
train Loss: 1.2307 Acc: 0.5594
val Loss: 0.9272 Acc: 0.6769
--------------------------------------------------
Epoch 2/50
train Loss: 0.7386 Acc: 0.7472
val Loss: 0.6465 Acc: 0.7757
--------------------------------------------------
Epoch 3/50
train Loss: 0.6280 Acc: 0.7838
val Loss: 0.6035 Acc: 0.7914
--------------------------------------------------
Epoch 4/50
train Loss: 0.5690 Acc: 0.8021
val Loss: 0.5235 Acc: 0.8164
--------------------------------------------------
Epoch 5/50
train Loss: 0.5279 Acc: 0.8157
val Loss: 0.4823 Acc: 0.8309
--------------------------------------------------
Epoch 6/50
train Loss: 0.4992 Acc: 0.8253
val Loss: 0.4463 Acc: 0.8413
--------------------------------------------------
Epoch 7/50
train Loss: 0.4718 Acc: 0.8333
val Loss: 0.4208 Acc: 0.8505
--------------------------------------------------
Epoch 8/50
train Loss: 0.4506 Acc: 0.8405
val Loss: 0.4053 Acc: 0.8545
--------------------------------------------------
Epoch 9/50
train Loss: 0.4304 Acc: 0.8473
val Loss: 0.3829 Acc: 0.8626
--------------------------------------------------
Epoch 10/50
train Loss: 0.4136 Acc: 0.8529
val Loss: 0.3919 Acc: 0.8583
--------------------------------------------------
Epoch 11/50
train Loss: 0.3971 Acc: 0.8576
val Loss: 0.3652 Acc: 0.8679
--------------------------------------------------
Epoch 12/50
train Loss: 0.3804 Acc: 0.8643
val Loss: 0.3288 Acc: 0.8796
--------------------------------------------------
Epoch 13/50
train Loss: 0.3657 Acc: 0.8680
val Loss: 0.3311 Acc: 0.8798
--------------------------------------------------
Epoch 14/50
train Loss: 0.3503 Acc: 0.8739
val Loss: 0.3072 Acc: 0.8892
--------------------------------------------------
Epoch 15/50
train Loss: 0.3374 Acc: 0.8783
val Loss: 0.2836 Acc: 0.8959
--------------------------------------------------
Epoch 16/50
train Loss: 0.3244 Acc: 0.8834
val Loss: 0.2781 Acc: 0.8979
--------------------------------------------------
Epoch 17/50
train Loss: 0.3095 Acc: 0.8867
val Loss: 0.2718 Acc: 0.8987
--------------------------------------------------
Epoch 18/50
train Loss: 0.2979 Acc: 0.8916
val Loss: 0.2365 Acc: 0.9126
--------------------------------------------------
Epoch 19/50
train Loss: 0.2821 Acc: 0.8974
val Loss: 0.2371 Acc: 0.9129
--------------------------------------------------
Epoch 20/50
train Loss: 0.2692 Acc: 0.9019
val Loss: 0.2366 Acc: 0.9126
--------------------------------------------------
Epoch 21/50
train Loss: 0.2551 Acc: 0.9068
val Loss: 0.2062 Acc: 0.9251
--------------------------------------------------
Epoch 22/50
train Loss: 0.2432 Acc: 0.9108
val Loss: 0.2044 Acc: 0.9245
--------------------------------------------------
Epoch 23/50
train Loss: 0.2307 Acc: 0.9160
val Loss: 0.1737 Acc: 0.9367
--------------------------------------------------
Epoch 24/50
train Loss: 0.2190 Acc: 0.9203
val Loss: 0.1772 Acc: 0.9357
--------------------------------------------------
Epoch 25/50
train Loss: 0.2066 Acc: 0.9248
val Loss: 0.1465 Acc: 0.9466
--------------------------------------------------
Epoch 26/50
train Loss: 0.1367 Acc: 0.9509
val Loss: 0.0801 Acc: 0.9724
--------------------------------------------------
Epoch 27/50
train Loss: 0.1189 Acc: 0.9568
val Loss: 0.0711 Acc: 0.9755
--------------------------------------------------
Epoch 28/50
train Loss: 0.1133 Acc: 0.9590
val Loss: 0.0648 Acc: 0.9779
--------------------------------------------------
Epoch 29/50
train Loss: 0.1067 Acc: 0.9612
val Loss: 0.0608 Acc: 0.9792
--------------------------------------------------
Epoch 30/50
train Loss: 0.1018 Acc: 0.9638
val Loss: 0.0582 Acc: 0.9799
--------------------------------------------------
Epoch 31/50
train Loss: 0.0998 Acc: 0.9640
val Loss: 0.0545 Acc: 0.9817
--------------------------------------------------
Epoch 32/50
train Loss: 0.0947 Acc: 0.9655
val Loss: 0.0521 Acc: 0.9822
--------------------------------------------------
Epoch 33/50
train Loss: 0.0917 Acc: 0.9667
val Loss: 0.0511 Acc: 0.9824
--------------------------------------------------
Epoch 34/50
train Loss: 0.0910 Acc: 0.9669
val Loss: 0.0480 Acc: 0.9838
--------------------------------------------------
Epoch 35/50
train Loss: 0.0892 Acc: 0.9683
val Loss: 0.0462 Acc: 0.9845
--------------------------------------------------
Epoch 36/50
train Loss: 0.0884 Acc: 0.9676
val Loss: 0.0441 Acc: 0.9851
--------------------------------------------------
Epoch 37/50
train Loss: 0.0846 Acc: 0.9691
val Loss: 0.0431 Acc: 0.9853
--------------------------------------------------
Epoch 38/50
train Loss: 0.0829 Acc: 0.9698
val Loss: 0.0414 Acc: 0.9861
--------------------------------------------------
Epoch 39/50
train Loss: 0.0806 Acc: 0.9708
val Loss: 0.0392 Acc: 0.9865
--------------------------------------------------
Epoch 40/50
train Loss: 0.0790 Acc: 0.9712
val Loss: 0.0413 Acc: 0.9863
--------------------------------------------------
Epoch 41/50
train Loss: 0.0766 Acc: 0.9723
val Loss: 0.0382 Acc: 0.9871
--------------------------------------------------
Epoch 42/50
train Loss: 0.0758 Acc: 0.9727
val Loss: 0.0358 Acc: 0.9877
--------------------------------------------------
Epoch 43/50
train Loss: 0.0729 Acc: 0.9733
val Loss: 0.0359 Acc: 0.9874
--------------------------------------------------
Epoch 44/50
train Loss: 0.0743 Acc: 0.9731
val Loss: 0.0343 Acc: 0.9880
--------------------------------------------------
Epoch 45/50
train Loss: 0.0724 Acc: 0.9736
val Loss: 0.0349 Acc: 0.9883
--------------------------------------------------
Epoch 46/50
train Loss: 0.0709 Acc: 0.9749
val Loss: 0.0330 Acc: 0.9887
--------------------------------------------------
Epoch 47/50
train Loss: 0.0694 Acc: 0.9748
val Loss: 0.0319 Acc: 0.9894
--------------------------------------------------
Epoch 48/50
train Loss: 0.0687 Acc: 0.9751
val Loss: 0.0313 Acc: 0.9891
--------------------------------------------------
Epoch 49/50
train Loss: 0.0676 Acc: 0.9757
val Loss: 0.0322 Acc: 0.9887
--------------------------------------------------
Epoch 50/50
train Loss: 0.0656 Acc: 0.9761
val Loss: 0.0293 Acc: 0.9901
Training complete in 968m 18s
Best val Acc: 0.990056
Accuracy: 0.3021
Done!!
