Number of parameters: 4020358
cuda:0
--------------------------------------------------
Epoch 1/50
train Loss: 1.7886 Acc: 0.3430
val Loss: 2.2803 Acc: 0.1491
--------------------------------------------------
Epoch 2/50
train Loss: 1.2582 Acc: 0.5542
val Loss: 2.2813 Acc: 0.1766
--------------------------------------------------
Epoch 3/50
train Loss: 1.1005 Acc: 0.6160
val Loss: 1.0157 Acc: 0.6520
--------------------------------------------------
Epoch 4/50
train Loss: 0.9913 Acc: 0.6565
val Loss: 1.1065 Acc: 0.6200
--------------------------------------------------
Epoch 5/50
train Loss: 0.9107 Acc: 0.6865
val Loss: 1.0741 Acc: 0.6355
--------------------------------------------------
Epoch 6/50
train Loss: 0.8664 Acc: 0.6985
val Loss: 1.2666 Acc: 0.5925
--------------------------------------------------
Epoch 7/50
train Loss: 0.8175 Acc: 0.7202
val Loss: 0.8748 Acc: 0.7021
--------------------------------------------------
Epoch 8/50
train Loss: 0.7757 Acc: 0.7349
val Loss: 0.7245 Acc: 0.7524
--------------------------------------------------
Epoch 9/50
train Loss: 0.7579 Acc: 0.7394
val Loss: 0.7778 Acc: 0.7293
--------------------------------------------------
Epoch 10/50
train Loss: 0.7385 Acc: 0.7484
val Loss: 0.7730 Acc: 0.7332
--------------------------------------------------
Epoch 11/50
train Loss: 0.6993 Acc: 0.7571
val Loss: 0.7189 Acc: 0.7501
--------------------------------------------------
Epoch 12/50
train Loss: 0.7018 Acc: 0.7584
val Loss: 0.9282 Acc: 0.6730
--------------------------------------------------
Epoch 13/50
train Loss: 0.6867 Acc: 0.7644
val Loss: 0.6775 Acc: 0.7690
--------------------------------------------------
Epoch 14/50
train Loss: 0.6680 Acc: 0.7712
val Loss: 0.6809 Acc: 0.7660
--------------------------------------------------
Epoch 15/50
train Loss: 0.6518 Acc: 0.7801
val Loss: 0.6301 Acc: 0.7827
--------------------------------------------------
Epoch 16/50
train Loss: 0.6441 Acc: 0.7800
val Loss: 0.7005 Acc: 0.7645
--------------------------------------------------
Epoch 17/50
train Loss: 0.6286 Acc: 0.7846
val Loss: 0.6549 Acc: 0.7808
--------------------------------------------------
Epoch 18/50
train Loss: 0.6219 Acc: 0.7847
val Loss: 0.5779 Acc: 0.7965
--------------------------------------------------
Epoch 19/50
train Loss: 0.6077 Acc: 0.7877
val Loss: 0.5970 Acc: 0.7937
--------------------------------------------------
Epoch 20/50
train Loss: 0.5992 Acc: 0.7949
val Loss: 0.6611 Acc: 0.7764
--------------------------------------------------
Epoch 21/50
train Loss: 0.5974 Acc: 0.7889
val Loss: 0.6565 Acc: 0.7829
--------------------------------------------------
Epoch 22/50
train Loss: 0.5822 Acc: 0.8004
val Loss: 0.5738 Acc: 0.8002
--------------------------------------------------
Epoch 23/50
train Loss: 0.5795 Acc: 0.7954
val Loss: 0.5839 Acc: 0.7969
--------------------------------------------------
Epoch 24/50
train Loss: 0.5685 Acc: 0.8032
val Loss: 0.6549 Acc: 0.7764
--------------------------------------------------
Epoch 25/50
train Loss: 0.5612 Acc: 0.8059
val Loss: 0.5861 Acc: 0.7953
--------------------------------------------------
Epoch 26/50
train Loss: 0.4961 Acc: 0.8289
val Loss: 0.4355 Acc: 0.8449
--------------------------------------------------
Epoch 27/50
train Loss: 0.4759 Acc: 0.8337
val Loss: 0.4224 Acc: 0.8510
--------------------------------------------------
Epoch 28/50
train Loss: 0.4655 Acc: 0.8364
val Loss: 0.4187 Acc: 0.8516
--------------------------------------------------
Epoch 29/50
train Loss: 0.4565 Acc: 0.8404
val Loss: 0.4203 Acc: 0.8530
--------------------------------------------------
Epoch 30/50
train Loss: 0.4580 Acc: 0.8390
val Loss: 0.4152 Acc: 0.8537
--------------------------------------------------
Epoch 31/50
train Loss: 0.4564 Acc: 0.8393
val Loss: 0.4111 Acc: 0.8539
--------------------------------------------------
Epoch 32/50
train Loss: 0.4596 Acc: 0.8358
val Loss: 0.4116 Acc: 0.8527
--------------------------------------------------
Epoch 33/50
train Loss: 0.4381 Acc: 0.8430
val Loss: 0.4013 Acc: 0.8563
--------------------------------------------------
Epoch 34/50
train Loss: 0.4425 Acc: 0.8406
val Loss: 0.4037 Acc: 0.8576
--------------------------------------------------
Epoch 35/50
train Loss: 0.4489 Acc: 0.8407
val Loss: 0.3959 Acc: 0.8584
--------------------------------------------------
Epoch 36/50
train Loss: 0.4387 Acc: 0.8473
val Loss: 0.3935 Acc: 0.8619
--------------------------------------------------
Epoch 37/50
train Loss: 0.4360 Acc: 0.8472
val Loss: 0.3970 Acc: 0.8593
--------------------------------------------------
Epoch 38/50
train Loss: 0.4322 Acc: 0.8488
val Loss: 0.3923 Acc: 0.8607
--------------------------------------------------
Epoch 39/50
train Loss: 0.4413 Acc: 0.8428
val Loss: 0.3993 Acc: 0.8606
--------------------------------------------------
Epoch 40/50
train Loss: 0.4346 Acc: 0.8477
val Loss: 0.3985 Acc: 0.8578
--------------------------------------------------
Epoch 41/50
train Loss: 0.4312 Acc: 0.8500
val Loss: 0.3855 Acc: 0.8625
--------------------------------------------------
Epoch 42/50
train Loss: 0.4335 Acc: 0.8466
val Loss: 0.3857 Acc: 0.8631
--------------------------------------------------
Epoch 43/50
train Loss: 0.4324 Acc: 0.8489
val Loss: 0.3850 Acc: 0.8612
--------------------------------------------------
Epoch 44/50
train Loss: 0.4202 Acc: 0.8508
val Loss: 0.3796 Acc: 0.8654
--------------------------------------------------
Epoch 45/50
train Loss: 0.4251 Acc: 0.8500
val Loss: 0.3805 Acc: 0.8652
--------------------------------------------------
Epoch 46/50
train Loss: 0.4241 Acc: 0.8497
val Loss: 0.3784 Acc: 0.8637
--------------------------------------------------
Epoch 47/50
train Loss: 0.4243 Acc: 0.8497
val Loss: 0.3839 Acc: 0.8619
--------------------------------------------------
Epoch 48/50
train Loss: 0.4151 Acc: 0.8554
val Loss: 0.3834 Acc: 0.8599
--------------------------------------------------
Epoch 49/50
train Loss: 0.4197 Acc: 0.8536
val Loss: 0.3783 Acc: 0.8636
--------------------------------------------------
Epoch 50/50
train Loss: 0.4189 Acc: 0.8517
val Loss: 0.3782 Acc: 0.8655
Training complete in 69m 31s
Best val Acc: 0.865485
Accuracy: 0.1838
Done!!
