모든 이미지에 대해 전처리 완료.
모든 이미지에 대해 전처리 완료.
모든 이미지에 대해 전처리 완료.
모든 이미지에 대해 전처리 완료.
모든 이미지에 대해 전처리 완료.
모든 이미지에 대해 전처리 완료.
모든 이미지에 대해 전처리 완료.
모든 이미지에 대해 전처리 완료.
모든 이미지에 대해 전처리 완료.
모든 이미지에 대해 전처리 완료.
모든 이미지에 대해 전처리 완료.
모든 이미지에 대해 전처리 완료.
모든 이미지에 대해 전처리 완료.
모든 이미지에 대해 전처리 완료.
모든 이미지에 대해 전처리 완료.
모든 이미지에 대해 전처리 완료.
모든 이미지에 대해 전처리 완료.
모든 이미지에 대해 전처리 완료.
모든 이미지에 대해 전처리 완료.
모든 이미지에 대해 전처리 완료.
클래스 'Round_Smooth' 폴더의 이미지 개수: 7404
클래스 'Merging' 폴더의 이미지 개수: 5188
클래스 'Disturbed' 폴더의 이미지 개수: 3028
클래스 'Edge-on_with_Bulge' 폴더의 이미지 개수: 5244
클래스 'In-between_Round_Smooth' 폴더의 이미지 개수: 5676
클래스 'Barred_Spiral' 폴더의 이미지 개수: 5720
클래스 'Unbarred_Loose_Spiral' 폴더의 이미지 개수: 7360
클래스 'Unbarred_Tight_Spiral' 폴더의 이미지 개수: 5120
클래스 'Cigar_Shaped_Smooth' 폴더의 이미지 개수: 936
클래스 'Edge-on_without_Bulge' 폴더의 이미지 개수: 3984
